<?xml version="1.0" encoding="UTF-8"?>
<!-- Generated by org.testng.reporters.JUnitXMLReporter -->
<testsuite ignored="0" hostname="NAUFAL-AZHAR" failures="0" tests="4" name="Test1" time="40.044" errors="0" timestamp="2023-01-09T12:32:49 WIB">
  <testcase classname="StepDefinitions.LoginDemoTestNG" name="user_is_on_login_page1" time="11.484"/>
  <testcase classname="StepDefinitions.ExtendReportDemoTestNG" name="test01" time="29.325"/>
  <testcase classname="StepDefinitions.ExtendReportDemoTestNG" name="test02" time="0.012"/>
  <testcase classname="StepDefinitions.TestNG_demo" name="user_is_on_google_search_page" time="29.967"/>
</testsuite> <!-- Test1 -->
