<?xml version="1.0" encoding="UTF-8"?>
<testng-results ignored="0" total="2" passed="2" failed="0" skipped="0">
  <reporter-output>
  </reporter-output>
  <suite started-at="2023-01-09T13:49:49 WIB" name="Default suite" finished-at="2023-01-09T13:50:10 WIB" duration-ms="21436">
    <groups>
    </groups>
    <test started-at="2023-01-09T13:49:49 WIB" name="Default test" finished-at="2023-01-09T13:50:10 WIB" duration-ms="21436">
      <class name="StepDefinitions.ExtendReportDemoTestNG">
        <test-method is-config="true" signature="setUp()[pri:0, instance:StepDefinitions.ExtendReportDemoTestNG@72057ecf]" started-at="2023-01-09T13:49:47 WIB" name="setUp" finished-at="2023-01-09T13:49:49 WIB" duration-ms="1339" status="PASS">
          <reporter-output>
          </reporter-output>
        </test-method> <!-- setUp -->
        <test-method signature="test01()[pri:0, instance:StepDefinitions.ExtendReportDemoTestNG@72057ecf]" started-at="2023-01-09T13:49:49 WIB" name="test01" finished-at="2023-01-09T13:49:54 WIB" duration-ms="5211" status="PASS">
          <reporter-output>
          </reporter-output>
        </test-method> <!-- test01 -->
        <test-method signature="test02()[pri:0, instance:StepDefinitions.ExtendReportDemoTestNG@72057ecf]" started-at="2023-01-09T13:49:54 WIB" name="test02" finished-at="2023-01-09T13:49:54 WIB" duration-ms="2" status="PASS">
          <reporter-output>
          </reporter-output>
        </test-method> <!-- test02 -->
        <test-method is-config="true" signature="tearDownTest()[pri:0, instance:StepDefinitions.ExtendReportDemoTestNG@72057ecf]" started-at="2023-01-09T13:49:54 WIB" name="tearDownTest" finished-at="2023-01-09T13:50:10 WIB" duration-ms="16196" status="PASS">
          <reporter-output>
          </reporter-output>
        </test-method> <!-- tearDownTest -->
        <test-method is-config="true" signature="tearDown()[pri:0, instance:StepDefinitions.ExtendReportDemoTestNG@72057ecf]" started-at="2023-01-09T13:50:10 WIB" name="tearDown" finished-at="2023-01-09T13:50:10 WIB" duration-ms="236" status="PASS">
          <reporter-output>
          </reporter-output>
        </test-method> <!-- tearDown -->
      </class> <!-- StepDefinitions.ExtendReportDemoTestNG -->
    </test> <!-- Default test -->
  </suite> <!-- Default suite -->
</testng-results>
